#
# A fatal error has been detected by the Java Runtime Environment:
#
#  SIGSEGV (0xb) at pc=0x000000011de9b067, pid=5286, tid=0x000000000000750f
#
# JRE version: Java(TM) SE Runtime Environment (8.0_111-b14) (build 1.8.0_111-b14)
# Java VM: Java HotSpot(TM) 64-Bit Server VM (25.111-b14 mixed mode bsd-amd64 compressed oops)
# Problematic frame:
# C  [AppleIntelHD4000GraphicsGLDriver+0x42e067]  _ZN15IntelTextureObj26calculateTextureNeedsClampEP13GLDTextureRecP13GLDSamplerRec+0xb
#
# Failed to write core dump. Core dumps have been disabled. To enable core dumping, try "ulimit -c unlimited" before starting Java again
#
# If you would like to submit a bug report, please visit:
#   http://bugreport.java.com/bugreport/crash.jsp
#

---------------  T H R E A D  ---------------

Current thread is native thread

siginfo: si_signo: 11 (SIGSEGV), si_code: 0 (unknown), si_addr: 0x0000000000000000

Registers:
RAX=0x4023666666666666, RBX=0x0000000000000000, RCX=0x0000000000000000, RDX=0x00007fa29177df80
RSP=0x000070000382dd80, RBP=0x000070000382dd80, RSI=0x00007fa292d5b200, RDI=0x00007fa292d5b240
R8 =0x000000000000008f, R9 =0x000000011dee04d0, R10=0x0000000003000000, R11=0x0000000000000000
R12=0x00007fa292d5b240, R13=0x00007fa2923dd830, R14=0x00007fa292d5b200, R15=0x00007fa2923dca00
RIP=0x000000011de9b067, EFLAGS=0x0000000000010202, ERR=0x0000000000000000
  TRAPNO=0x000000000000000d

Top of Stack: (sp=0x000070000382dd80)
0x000070000382dd80:   000070000382de00 000000011de90d05
0x000070000382dd90:   e9a58f20e94f009a 00007fa2923dd830
0x000070000382dda0:   0000000000000000 0000000000400000
0x000070000382ddb0:   00007f00923dd830 0000000000000001
0x000070000382ddc0:   00007fa2923dd830 00007fa29177df80
0x000070000382ddd0:   0000008fffffffff 0000000000000000
0x000070000382dde0:   00007fa292d5b200 00007fa2923dca00
0x000070000382ddf0:   00007fa2923dd830 00007fa29177df80
0x000070000382de00:   000070000382de50 000000011de9a0fb
0x000070000382de10:   000070000382de60 000000000000008f
0x000070000382de20:   0000700000000000 00007fa2923dca00
0x000070000382de30:   0000000000000001 0000000000000000
0x000070000382de40:   00007fa292d5b200 0000000000000001
0x000070000382de50:   000070000382ded0 00007fffbdd1076c
0x000070000382de60:   0000000000000001 00007fa2923dca00
0x000070000382de70:   00007fa2914f6b80 00007fffbdd0f2fa
0x000070000382de80:   000000010000008f 0000000000000000
0x000070000382de90:   00007fa294841098 0000000000000000
0x000070000382dea0:   0000000000000000 00007fa2923dca00
0x000070000382deb0:   00007fa29483d320 0000000000000001
0x000070000382dec0:   00007fa29483d320 0000000000000001
0x000070000382ded0:   000070000382dfe0 000000011de9c31d
0x000070000382dee0:   0000000000000000 0000000000000000
0x000070000382def0:   00007fa29483d610 0000000000000000
0x000070000382df00:   0000000000000000 0000000000000000
0x000070000382df10:   0000000000000000 00007fa2923dd830
0x000070000382df20:   00007fa294846b60 0000000000000000
0x000070000382df30:   0000000000000000 0000000000000000
0x000070000382df40:   0000000000000000 0000000000000000
0x000070000382df50:   0000000000000000 0000000000000000
0x000070000382df60:   000070000382df80 00007fffb5382c87
0x000070000382df70:   0000000000000000 000000007110a402 

Instructions: (pc=0x000000011de9b067)
0x000000011de9b047:   d1 5b 41 5c 41 5e 41 5f 5d c3 90 55 48 89 e5 5d
0x000000011de9b057:   e9 94 ff ff ff 55 48 89 e5 c6 47 02 00 48 8b 02
0x000000011de9b067:   8b 08 0f b7 d1 81 fa 01 26 00 00 74 10 81 fa 03
0x000000011de9b077:   27 00 00 74 08 81 fa 01 27 00 00 75 57 81 e1 00 

Register to memory mapping:

RAX=0x4023666666666666 is an unknown value
RBX=0x0000000000000000 is an unknown value
RCX=0x0000000000000000 is an unknown value
RDX=0x00007fa29177df80 is an unknown value
RSP=0x000070000382dd80 is an unknown value
RBP=0x000070000382dd80 is an unknown value
RSI=0x00007fa292d5b200 is an unknown value
RDI=0x00007fa292d5b240 is an unknown value
R8 =0x000000000000008f is an unknown value
R9 =0x000000011dee04d0: _ZL17sIntelTextureInfo+0xc0 in /System/Library/Extensions/AppleIntelHD4000GraphicsGLDriver.bundle/Contents/MacOS/AppleIntelHD4000GraphicsGLDriver at 0x000000011da6d000
R10=0x0000000003000000 is an unknown value
R11=0x0000000000000000 is an unknown value
R12=0x00007fa292d5b240 is an unknown value
R13=0x00007fa2923dd830 is an unknown value
R14=0x00007fa292d5b200 is an unknown value
R15=0x00007fa2923dca00 is an unknown value


Stack: [0x00007000037b2000,0x0000700003832000],  sp=0x000070000382dd80,  free space=495k
Native frames: (J=compiled Java code, j=interpreted, Vv=VM code, C=native code)
C  [AppleIntelHD4000GraphicsGLDriver+0x42e067]  _ZN15IntelTextureObj26calculateTextureNeedsClampEP13GLDTextureRecP13GLDSamplerRec+0xb
C  [AppleIntelHD4000GraphicsGLDriver+0x423d05]  _Z15updateNOSStatesP13GLDContextRecP13GLDSamplerRecP13GLDTextureRecjh+0x5a
C  [AppleIntelHD4000GraphicsGLDriver+0x42d0fb]  glrBindContextTexture+0xda
C  [libGPUSupportMercury.dylib+0x876c]  gpusLoadCurrentTextures+0x36e
C  [AppleIntelHD4000GraphicsGLDriver+0x42f31d]  _ZN4Gen714updateDispatchEP13GLDContextRecP17GLDRenderDispatchPj+0x2cd
C  [AppleIntelHD4000GraphicsGLDriver+0x423c69]  gldUpdateDispatch+0xaf
C  [GLEngine+0x10d0bd]  gleDoDrawDispatchCore+0x208
C  [GLEngine+0xd265d]  glDrawRangeElements_IMM_Exec+0x12e
C  [QuartzCore+0xf264b]  _ZN2CA3OGL9GLContext13draw_elementsENS0_13PrimitiveModeEjPKtPKNS0_6VertexEjjPKNS0_9ClipPlaneE+0xdb
C  [QuartzCore+0x13bff1]  _ZN2CA3OGL7Context11array_flushEv+0x6b
C  [QuartzCore+0x13bf38]  _ZN2CA3OGL7Context12ClippedArray9next_rectERNS_6BoundsE+0x158
C  [QuartzCore+0x140d54]  _ZN2CA3OGL18emit_one_part_rectERNS0_7ContextERKNS0_9RectStateEPKfS7_j+0x3e4
C  [QuartzCore+0x1460f9]  _ZN2CA3OGL13fill_rect_texERNS0_7ContextERKNS0_9RectStateEPKf+0xb7
C  [QuartzCore+0x146fdc]  _ZN2CA3OGL19fill_round_rect_texERNS0_7ContextERKNS0_9RectStateENS_4Vec2IdEEPKfj+0xbf
C  [QuartzCore+0x417f8]  _ZNK2CA3OGL16ContentsGeometry15fill_and_unbindERNS0_7ContextEPNS0_5ImageE+0x268
C  [QuartzCore+0x4440d]  _ZN2CA3OGL26render_contents_backgroundERNS0_8RendererEPKNS0_5LayerE+0xb18
C  [QuartzCore+0xfaa27]  _ZN2CA3OGL9LayerNode5applyEfPPNS0_7SurfaceEPf+0x39
C  [QuartzCore+0xf90f2]  _ZN2CA3OGL11ImagingNode6renderEPNS1_13RenderClosureEj+0x1e6
C  [QuartzCore+0x4782b]  _ZN2CA3OGL13render_layersERNS0_8RendererEPNS0_5LayerE+0xce
C  [QuartzCore+0x47a09]  _ZN2CA3OGL18render_root_layersERNS0_8RendererEPK13x_link_structRKNS0_6GstateE+0x157
C  [QuartzCore+0x20ac1]  _ZN2CA3OGL8Renderer6renderEPKNS_6Render6UpdateE+0x2eb
C  [QuartzCore+0x20e4b]  _ZN2CA3OGL6renderERNS0_8RendererEPNS_6Render6UpdateE+0xc0
C  [QuartzCore+0x101693]  _ZL9view_drawP7_CAViewdPK11CVTimeStampb+0xaf6
C  [QuartzCore+0x1024da]  _ZL17view_display_linkdPK11CVTimeStampPv+0x96
C  [QuartzCore+0x169a42]  link_callback+0x10a
C  [CoreVideo+0x8006]  _ZN13CVDisplayLink9performIOEP11CVTimeStamp+0xf8
C  [CoreVideo+0x7b9a]  _ZN13CVDisplayLink11runIOThreadEv+0x284
C  [libsystem_pthread.dylib+0x3abb]  _pthread_body+0xb4
C  [libsystem_pthread.dylib+0x3a07]  _pthread_body+0x0
C  [libsystem_pthread.dylib+0x3231]  thread_start+0xd


---------------  P R O C E S S  ---------------

VM state:not at safepoint (normal execution)

VM Mutex/Monitor currently owned by a thread: None

Heap:
 PSYoungGen      total 33280K, used 15716K [0x00000007aab00000, 0x00000007adc00000, 0x00000007c0000000)
  eden space 16384K, 63% used [0x00000007aab00000,0x00000007ab5325f0,0x00000007abb00000)
  from space 16896K, 31% used [0x00000007abb00000,0x00000007ac026db0,0x00000007acb80000)
  to   space 16896K, 0% used [0x00000007acb80000,0x00000007acb80000,0x00000007adc00000)
 ParOldGen       total 41472K, used 15941K [0x0000000780000000, 0x0000000782880000, 0x00000007aab00000)
  object space 41472K, 38% used [0x0000000780000000,0x0000000780f917f8,0x0000000782880000)
 Metaspace       used 22939K, capacity 23266K, committed 23424K, reserved 1069056K
  class space    used 2818K, capacity 2929K, committed 2944K, reserved 1048576K

Card table byte_map: [0x0000000107361000,0x0000000107562000] byte_map_base: 0x0000000103761000

Marking Bits: (ParMarkBitMap*) 0x00000001068efd20
 Begin Bits: [0x00000001076b8000, 0x00000001086b8000)
 End Bits:   [0x00000001086b8000, 0x00000001096b8000)

Polling page: 0x00000001057b3000

CodeCache: size=245760Kb used=11528Kb max_used=11536Kb free=234231Kb
 bounds [0x00000001099b3000, 0x000000010a513000, 0x00000001189b3000]
 total_blobs=4071 nmethods=3424 adapters=557
 compilation: enabled

Compilation events (10 events):
Event: 175.583 Thread 0x00007fa293051000 3933       3       sun.misc.FloatingDecimal$BinaryToASCIIBuffer::dtoa (1509 bytes)
Event: 175.583 Thread 0x00007fa292000800 3935       4       org.gnu.glpk.GLPK::glp_get_col_prim (10 bytes)
Event: 175.583 Thread 0x00007fa291816000 3934       4       org.gnu.glpk.GLPK::glp_get_col_name (10 bytes)
Event: 175.584 Thread 0x00007fa292000800 nmethod 3935 0x000000010a4eb690 code [0x000000010a4eb7e0, 0x000000010a4eb868]
Event: 175.584 Thread 0x00007fa291816000 nmethod 3934 0x000000010a4ea310 code [0x000000010a4ea460, 0x000000010a4ea4e8]
Event: 175.586 Thread 0x00007fa292000800 3936   !   4       javax.swing.text.AbstractDocument::insertUpdate (117 bytes)
Event: 175.590 Thread 0x00007fa293051000 nmethod 3933 0x000000010a502cd0 code [0x000000010a503100, 0x000000010a505838]
Event: 175.614 Thread 0x00007fa292000800 nmethod 3936 0x000000010a4f9a50 code [0x000000010a4f9d20, 0x000000010a4fb380]
Event: 176.989 Thread 0x00007fa293051000 3937       3       javax.swing.DefaultButtonModel::isPressed (15 bytes)
Event: 176.990 Thread 0x00007fa293051000 nmethod 3937 0x000000010a4e9f90 code [0x000000010a4ea100, 0x000000010a4ea2b0]

GC Heap History (10 events):
Event: 58.697 GC heap before
{Heap before GC invocations=6 (full 1):
 PSYoungGen      total 18944K, used 16384K [0x00000007aab00000, 0x00000007ac000000, 0x00000007c0000000)
  eden space 16384K, 100% used [0x00000007aab00000,0x00000007abb00000,0x00000007abb00000)
  from space 2560K, 0% used [0x00000007abd80000,0x00000007abd80000,0x00000007ac000000)
  to   space 2560K, 0% used [0x00000007abb00000,0x00000007abb00000,0x00000007abd80000)
 ParOldGen       total 41472K, used 12392K [0x0000000780000000, 0x0000000782880000, 0x00000007aab00000)
  object space 41472K, 29% used [0x0000000780000000,0x0000000780c1a348,0x0000000782880000)
 Metaspace       used 22054K, capacity 22282K, committed 22656K, reserved 1069056K
  class space    used 2768K, capacity 2861K, committed 2944K, reserved 1048576K
Event: 58.703 GC heap after
Heap after GC invocations=6 (full 1):
 PSYoungGen      total 18944K, used 2546K [0x00000007aab00000, 0x00000007ad900000, 0x00000007c0000000)
  eden space 16384K, 0% used [0x00000007aab00000,0x00000007aab00000,0x00000007abb00000)
  from space 2560K, 99% used [0x00000007abb00000,0x00000007abd7cad8,0x00000007abd80000)
  to   space 15360K, 0% used [0x00000007aca00000,0x00000007aca00000,0x00000007ad900000)
 ParOldGen       total 41472K, used 13660K [0x0000000780000000, 0x0000000782880000, 0x00000007aab00000)
  object space 41472K, 32% used [0x0000000780000000,0x0000000780d57358,0x0000000782880000)
 Metaspace       used 22054K, capacity 22282K, committed 22656K, reserved 1069056K
  class space    used 2768K, capacity 2861K, committed 2944K, reserved 1048576K
}
Event: 93.312 GC heap before
{Heap before GC invocations=7 (full 1):
 PSYoungGen      total 18944K, used 16924K [0x00000007aab00000, 0x00000007ad900000, 0x00000007c0000000)
  eden space 16384K, 87% used [0x00000007aab00000,0x00000007ab90a758,0x00000007abb00000)
  from space 2560K, 99% used [0x00000007abb00000,0x00000007abd7cad8,0x00000007abd80000)
  to   space 15360K, 0% used [0x00000007aca00000,0x00000007aca00000,0x00000007ad900000)
 ParOldGen       total 41472K, used 13660K [0x0000000780000000, 0x0000000782880000, 0x00000007aab00000)
  object space 41472K, 32% used [0x0000000780000000,0x0000000780d57358,0x0000000782880000)
 Metaspace       used 22489K, capacity 22730K, committed 22912K, reserved 1069056K
  class space    used 2796K, capacity 2861K, committed 2944K, reserved 1048576K
Event: 93.323 GC heap after
Heap after GC invocations=7 (full 1):
 PSYoungGen      total 30720K, used 9306K [0x00000007aab00000, 0x00000007ad800000, 0x00000007c0000000)
  eden space 16384K, 0% used [0x00000007aab00000,0x00000007aab00000,0x00000007abb00000)
  from space 14336K, 64% used [0x00000007aca00000,0x00000007ad316a00,0x00000007ad800000)
  to   space 14848K, 0% used [0x00000007abb00000,0x00000007abb00000,0x00000007ac980000)
 ParOldGen       total 41472K, used 13668K [0x0000000780000000, 0x0000000782880000, 0x00000007aab00000)
  object space 41472K, 32% used [0x0000000780000000,0x0000000780d59358,0x0000000782880000)
 Metaspace       used 22489K, capacity 22730K, committed 22912K, reserved 1069056K
  class space    used 2796K, capacity 2861K, committed 2944K, reserved 1048576K
}
Event: 112.254 GC heap before
{Heap before GC invocations=8 (full 1):
 PSYoungGen      total 30720K, used 25690K [0x00000007aab00000, 0x00000007ad800000, 0x00000007c0000000)
  eden space 16384K, 100% used [0x00000007aab00000,0x00000007abb00000,0x00000007abb00000)
  from space 14336K, 64% used [0x00000007aca00000,0x00000007ad316a00,0x00000007ad800000)
  to   space 14848K, 0% used [0x00000007abb00000,0x00000007abb00000,0x00000007ac980000)
 ParOldGen       total 41472K, used 13668K [0x0000000780000000, 0x0000000782880000, 0x00000007aab00000)
  object space 41472K, 32% used [0x0000000780000000,0x0000000780d59358,0x0000000782880000)
 Metaspace       used 22574K, capacity 22838K, committed 23168K, reserved 1069056K
  class space    used 2799K, capacity 2895K, committed 2944K, reserved 1048576K
Event: 112.263 GC heap after
Heap after GC invocations=8 (full 1):
 PSYoungGen      total 31232K, used 14495K [0x00000007aab00000, 0x00000007add00000, 0x00000007c0000000)
  eden space 16384K, 0% used [0x00000007aab00000,0x00000007aab00000,0x00000007abb00000)
  from space 14848K, 97% used [0x00000007abb00000,0x00000007ac927de0,0x00000007ac980000)
  to   space 17408K, 0% used [0x00000007acc00000,0x00000007acc00000,0x00000007add00000)
 ParOldGen       total 41472K, used 13668K [0x0000000780000000, 0x0000000782880000, 0x00000007aab00000)
  object space 41472K, 32% used [0x0000000780000000,0x0000000780d59358,0x0000000782880000)
 Metaspace       used 22574K, capacity 22838K, committed 23168K, reserved 1069056K
  class space    used 2799K, capacity 2895K, committed 2944K, reserved 1048576K
}
Event: 138.539 GC heap before
{Heap before GC invocations=9 (full 1):
 PSYoungGen      total 31232K, used 30879K [0x00000007aab00000, 0x00000007add00000, 0x00000007c0000000)
  eden space 16384K, 100% used [0x00000007aab00000,0x00000007abb00000,0x00000007abb00000)
  from space 14848K, 97% used [0x00000007abb00000,0x00000007ac927de0,0x00000007ac980000)
  to   space 17408K, 0% used [0x00000007acc00000,0x00000007acc00000,0x00000007add00000)
 ParOldGen       total 41472K, used 13668K [0x0000000780000000, 0x0000000782880000, 0x00000007aab00000)
  object space 41472K, 32% used [0x0000000780000000,0x0000000780d59358,0x0000000782880000)
 Metaspace       used 22688K, capacity 22978K, committed 23168K, reserved 1069056K
  class space    used 2807K, capacity 2897K, committed 2944K, reserved 1048576K
Event: 138.547 GC heap after
Heap after GC invocations=9 (full 1):
 PSYoungGen      total 32768K, used 10697K [0x00000007aab00000, 0x00000007adc00000, 0x00000007c0000000)
  eden space 16384K, 0% used [0x00000007aab00000,0x00000007aab00000,0x00000007abb00000)
  from space 16384K, 65% used [0x00000007acc00000,0x00000007ad6724e0,0x00000007adc00000)
  to   space 16896K, 0% used [0x00000007abb00000,0x00000007abb00000,0x00000007acb80000)
 ParOldGen       total 41472K, used 13668K [0x0000000780000000, 0x0000000782880000, 0x00000007aab00000)
  object space 41472K, 32% used [0x0000000780000000,0x0000000780d59358,0x0000000782880000)
 Metaspace       used 22688K, capacity 22978K, committed 23168K, reserved 1069056K
  class space    used 2807K, capacity 2897K, committed 2944K, reserved 1048576K
}
Event: 167.950 GC heap before
{Heap before GC invocations=10 (full 1):
 PSYoungGen      total 32768K, used 27081K [0x00000007aab00000, 0x00000007adc00000, 0x00000007c0000000)
  eden space 16384K, 100% used [0x00000007aab00000,0x00000007abb00000,0x00000007abb00000)
  from space 16384K, 65% used [0x00000007acc00000,0x00000007ad6724e0,0x00000007adc00000)
  to   space 16896K, 0% used [0x00000007abb00000,0x00000007abb00000,0x00000007acb80000)
 ParOldGen       total 41472K, used 13668K [0x0000000780000000, 0x0000000782880000, 0x00000007aab00000)
  object space 41472K, 32% used [0x0000000780000000,0x0000000780d59358,0x0000000782880000)
 Metaspace       used 22873K, capacity 23202K, committed 23424K, reserved 1069056K
  class space    used 2813K, capacity 2929K, committed 2944K, reserved 1048576K
Event: 167.957 GC heap after
Heap after GC invocations=10 (full 1):
 PSYoungGen      total 33280K, used 5275K [0x00000007aab00000, 0x00000007adc00000, 0x00000007c0000000)
  eden space 16384K, 0% used [0x00000007aab00000,0x00000007aab00000,0x00000007abb00000)
  from space 16896K, 31% used [0x00000007abb00000,0x00000007ac026db0,0x00000007acb80000)
  to   space 16896K, 0% used [0x00000007acb80000,0x00000007acb80000,0x00000007adc00000)
 ParOldGen       total 41472K, used 15941K [0x0000000780000000, 0x0000000782880000, 0x00000007aab00000)
  object space 41472K, 38% used [0x0000000780000000,0x0000000780f917f8,0x0000000782880000)
 Metaspace       used 22873K, capacity 23202K, committed 23424K, reserved 1069056K
  class space    used 2813K, capacity 2929K, committed 2944K, reserved 1048576K
}

Deoptimization events (10 events):
Event: 124.749 Thread 0x00007fa292a5d800 Uncommon trap: reason=unstable_if action=reinterpret pc=0x0000000109bba85c method=java.awt.ModalEventFilter.acceptEvent(Ljava/awt/AWTEvent;)Ljava/awt/EventFilter$FilterAction; @ 70
Event: 124.926 Thread 0x00007fa292a5d800 Uncommon trap: reason=class_check action=maybe_recompile pc=0x000000010a3696d4 method=javax.swing.plaf.basic.BasicListUI.convertLocationToRow(IIZ)I @ 7
Event: 124.933 Thread 0x00007fa292a5d800 Uncommon trap: reason=class_check action=maybe_recompile pc=0x000000010a3696d4 method=javax.swing.plaf.basic.BasicListUI.convertLocationToRow(IIZ)I @ 7
Event: 124.942 Thread 0x00007fa292a5d800 Uncommon trap: reason=class_check action=maybe_recompile pc=0x000000010a3696d4 method=javax.swing.plaf.basic.BasicListUI.convertLocationToRow(IIZ)I @ 7
Event: 124.958 Thread 0x00007fa292a5d800 Uncommon trap: reason=unstable_if action=reinterpret pc=0x000000010a3d5ad4 method=sun.java2d.SunGraphics2D.clone()Ljava/lang/Object; @ 48
Event: 125.279 Thread 0x00007fa292a5d800 Uncommon trap: reason=unstable_if action=reinterpret pc=0x0000000109ed14f4 method=javax.swing.JComponent.adjustPaintFlags()V @ 26
Event: 129.882 Thread 0x00007fa292a5d800 Uncommon trap: reason=unstable_if action=reinterpret pc=0x0000000109ff67bc method=sun.misc.MetaIndex.mayContain(Ljava/lang/String;)Z @ 38
Event: 129.898 Thread 0x00007fa292a5d800 Uncommon trap: reason=class_check action=maybe_recompile pc=0x000000010a006fd0 method=java.io.FilterInputStream.read([BII)I @ 7
Event: 129.906 Thread 0x00007fa292a5d800 Uncommon trap: reason=class_check action=maybe_recompile pc=0x000000010a006fd0 method=java.io.FilterInputStream.read([BII)I @ 7
Event: 129.906 Thread 0x00007fa292a5d800 Uncommon trap: reason=class_check action=maybe_recompile pc=0x000000010a006fd0 method=java.io.FilterInputStream.read([BII)I @ 7

Internal exceptions (10 events):
Event: 44.172 Thread 0x00007fa292a5d800 Exception <a 'java/security/PrivilegedActionException'> (0x00000007ab8d5478) thrown at [/Users/java_re/workspace/8-2-build-macosx-x86_64/jdk8u111/7883/hotspot/src/share/vm/prims/jvm.cpp, line 1386]
Event: 44.172 Thread 0x00007fa292a5d800 Exception <a 'java/security/PrivilegedActionException'> (0x00000007ab8d9740) thrown at [/Users/java_re/workspace/8-2-build-macosx-x86_64/jdk8u111/7883/hotspot/src/share/vm/prims/jvm.cpp, line 1386]
Event: 44.172 Thread 0x00007fa292a5d800 Exception <a 'java/security/PrivilegedActionException'> (0x00000007ab8d9f08) thrown at [/Users/java_re/workspace/8-2-build-macosx-x86_64/jdk8u111/7883/hotspot/src/share/vm/prims/jvm.cpp, line 1386]
Event: 44.172 Thread 0x00007fa292a5d800 Exception <a 'java/security/PrivilegedActionException'> (0x00000007ab8de420) thrown at [/Users/java_re/workspace/8-2-build-macosx-x86_64/jdk8u111/7883/hotspot/src/share/vm/prims/jvm.cpp, line 1386]
Event: 44.172 Thread 0x00007fa292a5d800 Exception <a 'java/security/PrivilegedActionException'> (0x00000007ab8dea00) thrown at [/Users/java_re/workspace/8-2-build-macosx-x86_64/jdk8u111/7883/hotspot/src/share/vm/prims/jvm.cpp, line 1386]
Event: 44.173 Thread 0x00007fa292a5d800 Exception <a 'java/security/PrivilegedActionException'> (0x00000007ab8e2f98) thrown at [/Users/java_re/workspace/8-2-build-macosx-x86_64/jdk8u111/7883/hotspot/src/share/vm/prims/jvm.cpp, line 1386]
Event: 44.173 Thread 0x00007fa292a5d800 Exception <a 'java/security/PrivilegedActionException'> (0x00000007ab8e3760) thrown at [/Users/java_re/workspace/8-2-build-macosx-x86_64/jdk8u111/7883/hotspot/src/share/vm/prims/jvm.cpp, line 1386]
Event: 96.072 Thread 0x00007fa292a5d800 Implicit null exception at 0x0000000109e47f6b to 0x0000000109e48159
Event: 110.284 Thread 0x00007fa292a5d800 Exception <a 'java/lang/NumberFormatException'> (0x00000007ab71d2c0) thrown at [/Users/java_re/workspace/8-2-build-macosx-x86_64/jdk8u111/7883/hotspot/src/share/vm/prims/jvm.cpp, line 1390]
Event: 110.284 Thread 0x00007fa292a5d800 Exception <a 'java/lang/NumberFormatException'> (0x00000007ab71d2c0) thrown at [/Users/java_re/workspace/8-2-build-macosx-x86_64/jdk8u111/7883/hotspot/src/share/vm/prims/jvm.cpp, line 1390]

Events (10 events):
Event: 169.745 loading class javax/accessibility/AccessibleStateSet
Event: 169.745 loading class javax/accessibility/AccessibleStateSet done
Event: 169.745 loading class javax/swing/JViewport$AccessibleJViewport
Event: 169.787 loading class javax/swing/JViewport$AccessibleJViewport done
Event: 175.316 Thread 0x00007fa292a5d800 DEOPT PACKING pc=0x0000000109f0287a sp=0x0000700004cf4370
Event: 175.316 Thread 0x00007fa292a5d800 DEOPT UNPACKING pc=0x00000001099fa633 sp=0x0000700004cf40f0 mode 0
Event: 175.317 Thread 0x00007fa292a5d800 DEOPT PACKING pc=0x000000010a4e6383 sp=0x0000700004cf4420
Event: 175.317 Thread 0x00007fa292a5d800 DEOPT UNPACKING pc=0x00000001099fa633 sp=0x0000700004cf4220 mode 0
Event: 175.586 Thread 0x00007fa292a5d800 DEOPT PACKING pc=0x0000000109db85e9 sp=0x0000700004cf43e0
Event: 175.586 Thread 0x00007fa292a5d800 DEOPT UNPACKING pc=0x00000001099fa633 sp=0x0000700004cf4188 mode 0


Dynamic libraries:
0x000000003b0ba000 	/System/Library/Frameworks/Cocoa.framework/Versions/A/Cocoa
0x000000003b0ba000 	/System/Library/Frameworks/Security.framework/Versions/A/Security
0x000000003b0ba000 	/System/Library/Frameworks/ApplicationServices.framework/Versions/A/ApplicationServices
0x000000003b0ba000 	/usr/lib/libz.1.dylib
0x000000003b0ba000 	/usr/lib/libSystem.B.dylib
0x000000003b0ba000 	/usr/lib/libobjc.A.dylib
0x000000003b0ba000 	/System/Library/Frameworks/CoreFoundation.framework/Versions/A/CoreFoundation
0x000000003b0ba000 	/System/Library/Frameworks/Foundation.framework/Versions/C/Foundation
0x000000003b0ba000 	/System/Library/Frameworks/AppKit.framework/Versions/C/AppKit
0x000000003b0ba000 	/System/Library/Frameworks/CoreData.framework/Versions/A/CoreData
0x000000003b0ba000 	/System/Library/PrivateFrameworks/RemoteViewServices.framework/Versions/A/RemoteViewServices
0x000000003b0ba000 	/System/Library/PrivateFrameworks/UIFoundation.framework/Versions/A/UIFoundation
0x000000003b0ba000 	/usr/lib/libenergytrace.dylib
0x000000003b0ba000 	/System/Library/PrivateFrameworks/SkyLight.framework/Versions/A/SkyLight
0x000000003b0ba000 	/System/Library/Frameworks/CoreGraphics.framework/Versions/A/CoreGraphics
0x000000003b0ba000 	/usr/lib/libScreenReader.dylib
0x000000003b0ba000 	/System/Library/Frameworks/Accelerate.framework/Versions/A/Accelerate
0x000000003b0ba000 	/System/Library/Frameworks/IOSurface.framework/Versions/A/IOSurface
0x000000003b0ba000 	/System/Library/Frameworks/AudioToolbox.framework/Versions/A/AudioToolbox
0x000000003b0ba000 	/System/Library/Frameworks/AudioUnit.framework/Versions/A/AudioUnit
0x000000003b0ba000 	/System/Library/PrivateFrameworks/DataDetectorsCore.framework/Versions/A/DataDetectorsCore
0x000000003b0ba000 	/System/Library/PrivateFrameworks/DesktopServicesPriv.framework/Versions/A/DesktopServicesPriv
0x000000003b0ba000 	/System/Library/Frameworks/Carbon.framework/Versions/A/Frameworks/HIToolbox.framework/Versions/A/HIToolbox
0x000000003b0ba000 	/usr/lib/libicucore.A.dylib
0x000000003b0ba000 	/System/Library/Frameworks/QuartzCore.framework/Versions/A/QuartzCore
0x000000003b0ba000 	/System/Library/Frameworks/Carbon.framework/Versions/A/Frameworks/SpeechRecognition.framework/Versions/A/SpeechRecognition
0x000000003b0ba000 	/usr/lib/libauto.dylib
0x000000003b0ba000 	/usr/lib/libxml2.2.dylib
0x000000003b0ba000 	/System/Library/PrivateFrameworks/CoreUI.framework/Versions/A/CoreUI
0x000000003b0ba000 	/System/Library/Frameworks/CoreAudio.framework/Versions/A/CoreAudio
0x000000003b0ba000 	/System/Library/Frameworks/DiskArbitration.framework/Versions/A/DiskArbitration
0x000000003b0ba000 	/usr/lib/liblangid.dylib
0x000000003b0ba000 	/System/Library/PrivateFrameworks/MultitouchSupport.framework/Versions/A/MultitouchSupport
0x000000003b0ba000 	/System/Library/Frameworks/IOKit.framework/Versions/A/IOKit
0x000000003b0ba000 	/usr/lib/libDiagnosticMessagesClient.dylib
0x000000003b0ba000 	/System/Library/Frameworks/CoreServices.framework/Versions/A/CoreServices
0x000000003b0ba000 	/System/Library/PrivateFrameworks/PerformanceAnalysis.framework/Versions/A/PerformanceAnalysis
0x000000003b0ba000 	/System/Library/PrivateFrameworks/GenerationalStorage.framework/Versions/A/GenerationalStorage
0x000000003b0ba000 	/System/Library/Frameworks/OpenGL.framework/Versions/A/OpenGL
0x000000003b0ba000 	/System/Library/Frameworks/CoreImage.framework/Versions/A/CoreImage
0x000000003b0ba000 	/System/Library/Frameworks/CoreText.framework/Versions/A/CoreText
0x000000003b0ba000 	/System/Library/Frameworks/ImageIO.framework/Versions/A/ImageIO
0x000000003b0ba000 	/System/Library/PrivateFrameworks/Backup.framework/Versions/A/Backup
0x000000003b0ba000 	/usr/lib/libarchive.2.dylib
0x000000003b0ba000 	/System/Library/Frameworks/CFNetwork.framework/Versions/A/CFNetwork
0x000000003b0ba000 	/System/Library/Frameworks/SystemConfiguration.framework/Versions/A/SystemConfiguration
0x000000003b0ba000 	/usr/lib/libCRFSuite.dylib
0x000000003b0ba000 	/usr/lib/libc++.1.dylib
0x000000003b0ba000 	/usr/lib/libc++abi.dylib
0x000000003b0ba000 	/usr/lib/system/libcache.dylib
0x000000003b0ba000 	/usr/lib/system/libcommonCrypto.dylib
0x000000003b0ba000 	/usr/lib/system/libcompiler_rt.dylib
0x000000003b0ba000 	/usr/lib/system/libcopyfile.dylib
0x000000003b0ba000 	/usr/lib/system/libcorecrypto.dylib
0x000000003b0ba000 	/usr/lib/system/libdispatch.dylib
0x000000003b0ba000 	/usr/lib/system/libdyld.dylib
0x000000003b0ba000 	/usr/lib/system/libkeymgr.dylib
0x000000003b0ba000 	/usr/lib/system/liblaunch.dylib
0x000000003b0ba000 	/usr/lib/system/libmacho.dylib
0x000000003b0ba000 	/usr/lib/system/libquarantine.dylib
0x000000003b0ba000 	/usr/lib/system/libremovefile.dylib
0x000000003b0ba000 	/usr/lib/system/libsystem_asl.dylib
0x000000003b0ba000 	/usr/lib/system/libsystem_blocks.dylib
0x000000003b0ba000 	/usr/lib/system/libsystem_c.dylib
0x000000003b0ba000 	/usr/lib/system/libsystem_configuration.dylib
0x000000003b0ba000 	/usr/lib/system/libsystem_coreservices.dylib
0x000000003b0ba000 	/usr/lib/system/libsystem_coretls.dylib
0x000000003b0ba000 	/usr/lib/system/libsystem_dnssd.dylib
0x000000003b0ba000 	/usr/lib/system/libsystem_info.dylib
0x000000003b0ba000 	/usr/lib/system/libsystem_kernel.dylib
0x000000003b0ba000 	/usr/lib/system/libsystem_m.dylib
0x000000003b0ba000 	/usr/lib/system/libsystem_malloc.dylib
0x000000003b0ba000 	/usr/lib/system/libsystem_network.dylib
0x000000003b0ba000 	/usr/lib/system/libsystem_networkextension.dylib
0x000000003b0ba000 	/usr/lib/system/libsystem_notify.dylib
0x000000003b0ba000 	/usr/lib/system/libsystem_platform.dylib
0x000000003b0ba000 	/usr/lib/system/libsystem_pthread.dylib
0x000000003b0ba000 	/usr/lib/system/libsystem_sandbox.dylib
0x000000003b0ba000 	/usr/lib/system/libsystem_secinit.dylib
0x000000003b0ba000 	/usr/lib/system/libsystem_symptoms.dylib
0x000000003b0ba000 	/usr/lib/system/libsystem_trace.dylib
0x000000003b0ba000 	/usr/lib/system/libunwind.dylib
0x000000003b0ba000 	/usr/lib/system/libxpc.dylib
0x000000003b0ba000 	/usr/lib/libbsm.0.dylib
0x000000003b0ba000 	/usr/lib/system/libkxld.dylib
0x000000003b0ba000 	/usr/lib/libcoretls.dylib
0x000000003b0ba000 	/usr/lib/libcoretls_cfhelpers.dylib
0x000000003b0ba000 	/usr/lib/libxar.1.dylib
0x000000003b0ba000 	/usr/lib/libsqlite3.dylib
0x000000003b0ba000 	/usr/lib/libpam.2.dylib
0x000000003b0ba000 	/usr/lib/libOpenScriptingUtil.dylib
0x000000003b0ba000 	/usr/lib/libbz2.1.0.dylib
0x000000003b0ba000 	/usr/lib/liblzma.5.dylib
0x000000003b0ba000 	/usr/lib/libnetwork.dylib
0x000000003b0ba000 	/usr/lib/libpcap.A.dylib
0x000000003b0ba000 	/System/Library/Frameworks/CoreServices.framework/Versions/A/Frameworks/FSEvents.framework/Versions/A/FSEvents
0x000000003b0ba000 	/System/Library/Frameworks/CoreServices.framework/Versions/A/Frameworks/CarbonCore.framework/Versions/A/CarbonCore
0x000000003b0ba000 	/System/Library/Frameworks/CoreServices.framework/Versions/A/Frameworks/Metadata.framework/Versions/A/Metadata
0x000000003b0ba000 	/System/Library/Frameworks/CoreServices.framework/Versions/A/Frameworks/OSServices.framework/Versions/A/OSServices
0x000000003b0ba000 	/System/Library/Frameworks/CoreServices.framework/Versions/A/Frameworks/SearchKit.framework/Versions/A/SearchKit
0x000000003b0ba000 	/System/Library/Frameworks/CoreServices.framework/Versions/A/Frameworks/AE.framework/Versions/A/AE
0x000000003b0ba000 	/System/Library/Frameworks/CoreServices.framework/Versions/A/Frameworks/LaunchServices.framework/Versions/A/LaunchServices
0x000000003b0ba000 	/System/Library/Frameworks/CoreServices.framework/Versions/A/Frameworks/DictionaryServices.framework/Versions/A/DictionaryServices
0x000000003b0ba000 	/System/Library/Frameworks/CoreServices.framework/Versions/A/Frameworks/SharedFileList.framework/Versions/A/SharedFileList
0x000000003b0ba000 	/System/Library/Frameworks/NetFS.framework/Versions/A/NetFS
0x000000003b0ba000 	/System/Library/PrivateFrameworks/NetAuth.framework/Versions/A/NetAuth
0x000000003b0ba000 	/System/Library/PrivateFrameworks/login.framework/Versions/A/Frameworks/loginsupport.framework/Versions/A/loginsupport
0x000000003b0ba000 	/System/Library/PrivateFrameworks/TCC.framework/Versions/A/TCC
0x000000003b0ba000 	/usr/lib/libmecabra.dylib
0x000000003b0ba000 	/System/Library/Frameworks/ApplicationServices.framework/Versions/A/Frameworks/ATS.framework/Versions/A/ATS
0x000000003b0ba000 	/System/Library/Frameworks/ApplicationServices.framework/Versions/A/Frameworks/ColorSync.framework/Versions/A/ColorSync
0x000000003b0ba000 	/System/Library/Frameworks/ApplicationServices.framework/Versions/A/Frameworks/HIServices.framework/Versions/A/HIServices
0x000000003b0ba000 	/System/Library/Frameworks/ApplicationServices.framework/Versions/A/Frameworks/LangAnalysis.framework/Versions/A/LangAnalysis
0x000000003b0ba000 	/System/Library/Frameworks/ApplicationServices.framework/Versions/A/Frameworks/PrintCore.framework/Versions/A/PrintCore
0x000000003b0ba000 	/System/Library/Frameworks/ApplicationServices.framework/Versions/A/Frameworks/QD.framework/Versions/A/QD
0x000000003b0ba000 	/System/Library/Frameworks/ApplicationServices.framework/Versions/A/Frameworks/SpeechSynthesis.framework/Versions/A/SpeechSynthesis
0x000000003b0ba000 	/System/Library/Frameworks/Accelerate.framework/Versions/A/Frameworks/vImage.framework/Versions/A/vImage
0x000000003b0ba000 	/System/Library/Frameworks/Accelerate.framework/Versions/A/Frameworks/vecLib.framework/Versions/A/vecLib
0x000000003b0ba000 	/System/Library/Frameworks/Accelerate.framework/Versions/A/Frameworks/vecLib.framework/Versions/A/libvDSP.dylib
0x000000003b0ba000 	/System/Library/Frameworks/Accelerate.framework/Versions/A/Frameworks/vecLib.framework/Versions/A/libBNNS.dylib
0x000000003b0ba000 	/System/Library/Frameworks/Accelerate.framework/Versions/A/Frameworks/vecLib.framework/Versions/A/libQuadrature.dylib
0x000000003b0ba000 	/System/Library/Frameworks/Accelerate.framework/Versions/A/Frameworks/vecLib.framework/Versions/A/libvMisc.dylib
0x000000003b0ba000 	/System/Library/Frameworks/Accelerate.framework/Versions/A/Frameworks/vecLib.framework/Versions/A/libLAPACK.dylib
0x000000003b0ba000 	/System/Library/Frameworks/Accelerate.framework/Versions/A/Frameworks/vecLib.framework/Versions/A/libBLAS.dylib
0x000000003b0ba000 	/System/Library/Frameworks/Accelerate.framework/Versions/A/Frameworks/vecLib.framework/Versions/A/libLinearAlgebra.dylib
0x000000003b0ba000 	/System/Library/Frameworks/Accelerate.framework/Versions/A/Frameworks/vecLib.framework/Versions/A/libSparseBLAS.dylib
0x000000003b0ba000 	/System/Library/Frameworks/ApplicationServices.framework/Versions/A/Frameworks/ATS.framework/Versions/A/Resources/libFontParser.dylib
0x000000003b0ba000 	/System/Library/Frameworks/ApplicationServices.framework/Versions/A/Frameworks/ATS.framework/Versions/A/Resources/libFontRegistry.dylib
0x000000003b0ba000 	/System/Library/Frameworks/ImageIO.framework/Versions/A/Resources/libJPEG.dylib
0x000000003b0ba000 	/System/Library/Frameworks/ImageIO.framework/Versions/A/Resources/libTIFF.dylib
0x000000003b0ba000 	/System/Library/Frameworks/ImageIO.framework/Versions/A/Resources/libPng.dylib
0x000000003b0ba000 	/System/Library/Frameworks/ImageIO.framework/Versions/A/Resources/libGIF.dylib
0x000000003b0ba000 	/System/Library/Frameworks/ImageIO.framework/Versions/A/Resources/libJP2.dylib
0x000000003b0ba000 	/System/Library/Frameworks/ImageIO.framework/Versions/A/Resources/libRadiance.dylib
0x000000003b0ba000 	/usr/lib/libcompression.dylib
0x000000003b0ba000 	/System/Library/PrivateFrameworks/AppleJPEG.framework/Versions/A/AppleJPEG
0x000000003b0ba000 	/usr/lib/libcups.2.dylib
0x000000003b0ba000 	/System/Library/Frameworks/Kerberos.framework/Versions/A/Kerberos
0x000000003b0ba000 	/System/Library/Frameworks/GSS.framework/Versions/A/GSS
0x000000003b0ba000 	/usr/lib/libresolv.9.dylib
0x000000003b0ba000 	/usr/lib/libiconv.2.dylib
0x000000003b0ba000 	/System/Library/PrivateFrameworks/Heimdal.framework/Versions/A/Heimdal
0x000000003b0ba000 	/usr/lib/libheimdal-asn1.dylib
0x000000003b0ba000 	/System/Library/Frameworks/OpenDirectory.framework/Versions/A/OpenDirectory
0x000000003b0ba000 	/System/Library/PrivateFrameworks/CommonAuth.framework/Versions/A/CommonAuth
0x000000003b0ba000 	/System/Library/Frameworks/OpenDirectory.framework/Versions/A/Frameworks/CFOpenDirectory.framework/Versions/A/CFOpenDirectory
0x000000003b0ba000 	/System/Library/Frameworks/SecurityFoundation.framework/Versions/A/SecurityFoundation
0x000000003b0ba000 	/System/Library/PrivateFrameworks/LanguageModeling.framework/Versions/A/LanguageModeling
0x000000003b0ba000 	/usr/lib/libmarisa.dylib
0x000000003b0ba000 	/usr/lib/libChineseTokenizer.dylib
0x000000003b0ba000 	/usr/lib/libcmph.dylib
0x000000003b0ba000 	/System/Library/PrivateFrameworks/CoreEmoji.framework/Versions/A/CoreEmoji
0x000000003b0ba000 	/System/Library/Frameworks/ServiceManagement.framework/Versions/A/ServiceManagement
0x000000003b0ba000 	/usr/lib/libxslt.1.dylib
0x000000003b0ba000 	/System/Library/Frameworks/Carbon.framework/Versions/A/Frameworks/Ink.framework/Versions/A/Ink
0x000000003b0ba000 	/System/Library/PrivateFrameworks/TextureIO.framework/Versions/A/TextureIO
0x000000003b0ba000 	/System/Library/Frameworks/Metal.framework/Versions/A/Metal
0x000000003b0ba000 	/usr/lib/libate.dylib
0x000000003b0ba000 	/System/Library/PrivateFrameworks/GPUCompiler.framework/libmetal_timestamp.dylib
0x000000003b0ba000 	/System/Library/Frameworks/OpenGL.framework/Versions/A/Libraries/libCoreFSCache.dylib
0x000000003b0ba000 	/System/Library/PrivateFrameworks/IOAccelerator.framework/Versions/A/IOAccelerator
0x000000003b0ba000 	/System/Library/Frameworks/CoreVideo.framework/Versions/A/CoreVideo
0x000000003b0ba000 	/usr/lib/libFosl_dynamic.dylib
0x000000003b0ba000 	/System/Library/PrivateFrameworks/MetalPerformanceShaders.framework/Versions/A/MetalPerformanceShaders
0x000000003b0ba000 	/System/Library/PrivateFrameworks/FaceCore.framework/Versions/A/FaceCore
0x000000003b0ba000 	/System/Library/Frameworks/OpenCL.framework/Versions/A/OpenCL
0x000000003b0ba000 	/System/Library/Frameworks/OpenGL.framework/Versions/A/Libraries/libGLU.dylib
0x000000003b0ba000 	/System/Library/Frameworks/OpenGL.framework/Versions/A/Libraries/libGFXShared.dylib
0x000000003b0ba000 	/System/Library/Frameworks/OpenGL.framework/Versions/A/Libraries/libGL.dylib
0x000000003b0ba000 	/System/Library/Frameworks/OpenGL.framework/Versions/A/Libraries/libGLImage.dylib
0x000000003b0ba000 	/System/Library/Frameworks/OpenGL.framework/Versions/A/Libraries/libCVMSPluginSupport.dylib
0x000000003b0ba000 	/System/Library/Frameworks/OpenGL.framework/Versions/A/Libraries/libCoreVMClient.dylib
0x000000003b0ba000 	/System/Library/PrivateFrameworks/CrashReporterSupport.framework/Versions/A/CrashReporterSupport
0x000000003b0ba000 	/System/Library/PrivateFrameworks/Sharing.framework/Versions/A/Sharing
0x000000003b0ba000 	/System/Library/PrivateFrameworks/IconServices.framework/Versions/A/IconServices
0x000000003b0ba000 	/System/Library/PrivateFrameworks/ProtocolBuffer.framework/Versions/A/ProtocolBuffer
0x000000003b0ba000 	/System/Library/PrivateFrameworks/Apple80211.framework/Versions/A/Apple80211
0x000000003b0ba000 	/System/Library/Frameworks/CoreWLAN.framework/Versions/A/CoreWLAN
0x000000003b0ba000 	/System/Library/PrivateFrameworks/CoreUtils.framework/Versions/A/CoreUtils
0x000000003b0ba000 	/System/Library/Frameworks/IOBluetooth.framework/Versions/A/IOBluetooth
0x000000003b0ba000 	/System/Library/PrivateFrameworks/CoreWiFi.framework/Versions/A/CoreWiFi
0x000000003b0ba000 	/System/Library/Frameworks/CoreBluetooth.framework/Versions/A/CoreBluetooth
0x000000003b0ba000 	/System/Library/Frameworks/CoreDisplay.framework/Versions/A/CoreDisplay
0x000000003b0ba000 	/System/Library/PrivateFrameworks/IOPresentment.framework/Versions/A/IOPresentment
0x000000003b0ba000 	/System/Library/PrivateFrameworks/DebugSymbols.framework/Versions/A/DebugSymbols
0x000000003b0ba000 	/System/Library/PrivateFrameworks/CoreSymbolication.framework/Versions/A/CoreSymbolication
0x000000003b0ba000 	/System/Library/PrivateFrameworks/Symbolication.framework/Versions/A/Symbolication
0x000000003b0ba000 	/System/Library/PrivateFrameworks/AppleFSCompression.framework/Versions/A/AppleFSCompression
0x000000003b0ba000 	/System/Library/PrivateFrameworks/SpeechRecognitionCore.framework/Versions/A/SpeechRecognitionCore
0x000000003b0ba000 	/System/Library/PrivateFrameworks/ChunkingLibrary.framework/Versions/A/ChunkingLibrary
0x0000000106000000 	/Library/Java/JavaVirtualMachines/jdk1.8.0_111.jdk/Contents/Home/jre/lib/server/libjvm.dylib
0x000000003b0ba000 	/usr/lib/libstdc++.6.dylib
0x0000000105770000 	/Library/Java/JavaVirtualMachines/jdk1.8.0_111.jdk/Contents/Home/jre/lib/libverify.dylib
0x000000010577e000 	/Library/Java/JavaVirtualMachines/jdk1.8.0_111.jdk/Contents/Home/jre/lib/libjava.dylib
0x00000001057bd000 	/Library/Java/JavaVirtualMachines/jdk1.8.0_111.jdk/Contents/Home/jre/lib/libzip.dylib
0x000000011a3fa000 	/System/Library/Frameworks/JavaVM.framework/Frameworks/JavaRuntimeSupport.framework/JavaRuntimeSupport
0x000000011a414000 	/System/Library/Frameworks/JavaVM.framework/Versions/A/Frameworks/JavaNativeFoundation.framework/Versions/A/JavaNativeFoundation
0x000000011a429000 	/System/Library/Frameworks/JavaVM.framework/Versions/A/JavaVM
0x000000003b0ba000 	/System/Library/Frameworks/Carbon.framework/Versions/A/Carbon
0x000000011a436000 	/System/Library/PrivateFrameworks/JavaLaunching.framework/Versions/A/JavaLaunching
0x000000003b0ba000 	/System/Library/Frameworks/Carbon.framework/Versions/A/Frameworks/CommonPanels.framework/Versions/A/CommonPanels
0x000000003b0ba000 	/System/Library/Frameworks/Carbon.framework/Versions/A/Frameworks/Help.framework/Versions/A/Help
0x000000003b0ba000 	/System/Library/Frameworks/Carbon.framework/Versions/A/Frameworks/ImageCapture.framework/Versions/A/ImageCapture
0x000000003b0ba000 	/System/Library/Frameworks/Carbon.framework/Versions/A/Frameworks/OpenScripting.framework/Versions/A/OpenScripting
0x000000003b0ba000 	/System/Library/Frameworks/Carbon.framework/Versions/A/Frameworks/Print.framework/Versions/A/Print
0x000000003b0ba000 	/System/Library/Frameworks/Carbon.framework/Versions/A/Frameworks/SecurityHI.framework/Versions/A/SecurityHI
0x000000011be9f000 	/Library/Java/JavaVirtualMachines/jdk1.8.0_111.jdk/Contents/Home/jre/lib/libawt.dylib
0x000000011bf47000 	/Library/Java/JavaVirtualMachines/jdk1.8.0_111.jdk/Contents/Home/jre/lib/./libmlib_image.dylib
0x000000011c013000 	/Library/Java/JavaVirtualMachines/jdk1.8.0_111.jdk/Contents/Home/jre/lib/libawt_lwawt.dylib
0x000000011c0c8000 	/Library/Java/JavaVirtualMachines/jdk1.8.0_111.jdk/Contents/Home/jre/lib/./libosxapp.dylib
0x000000003b0ba000 	/System/Library/Frameworks/ExceptionHandling.framework/Versions/A/ExceptionHandling
0x000000003b0ba000 	/System/Library/PrivateFrameworks/CoreServicesInternal.framework/Versions/A/CoreServicesInternal
0x000000003b0ba000 	/System/Library/CoreServices/RawCamera.bundle/Contents/MacOS/RawCamera
0x000000003b0ba000 	/System/Library/Frameworks/Accelerate.framework/Versions/A/Frameworks/vImage.framework/Versions/A/Libraries/libCGInterfaces.dylib
0x000000003b0ba000 	/System/Library/Frameworks/ApplicationServices.framework/Versions/A/Frameworks/ATS.framework/Versions/A/Resources/libTrueTypeScaler.dylib
0x000000003b0ba000 	/System/Library/Frameworks/OpenGL.framework/Versions/A/Resources/GLEngine.bundle/GLEngine
0x000000003b0ba000 	/System/Library/Frameworks/OpenGL.framework/Versions/A/Libraries/libGLProgrammability.dylib
0x000000011da6d000 	/System/Library/Extensions/AppleIntelHD4000GraphicsGLDriver.bundle/Contents/MacOS/AppleIntelHD4000GraphicsGLDriver
0x000000003b0ba000 	/System/Library/PrivateFrameworks/GPUSupport.framework/Versions/A/Libraries/libGPUSupportMercury.dylib
0x000000003b0ba000 	/System/Library/Frameworks/OpenGL.framework/Versions/A/Resources/GLRendererFloat.bundle/GLRendererFloat
0x000000003b0ba000 	/System/Library/Frameworks/OpenCL.framework/Versions/A/Libraries/libcldcpuengine.dylib
0x000000003b0ba000 	/usr/lib/libcrypto.0.9.8.dylib
0x000000003b0ba000 	/System/Library/PrivateFrameworks/TrustEvaluationAgent.framework/Versions/A/TrustEvaluationAgent
0x000000011e12f000 	/System/Library/Extensions/AppleIntelHD4000GraphicsMTLDriver.bundle/Contents/MacOS/AppleIntelHD4000GraphicsMTLDriver
0x000000003b0ba000 	/System/Library/PrivateFrameworks/FamilyControls.framework/Versions/A/FamilyControls
0x000000003b0ba000 	/System/Library/PrivateFrameworks/CommerceKit.framework/Versions/A/Frameworks/CommerceCore.framework/Versions/A/CommerceCore
0x000000003b0ba000 	/System/Library/PrivateFrameworks/SystemAdministration.framework/Versions/A/SystemAdministration
0x000000003b0ba000 	/System/Library/PrivateFrameworks/AppContainer.framework/Versions/A/AppContainer
0x000000003b0ba000 	/System/Library/PrivateFrameworks/SecCodeWrapper.framework/Versions/A/SecCodeWrapper
0x000000003b0ba000 	/System/Library/Frameworks/DirectoryService.framework/Versions/A/DirectoryService
0x000000003b0ba000 	/System/Library/PrivateFrameworks/DiskImages.framework/Versions/A/DiskImages
0x000000003b0ba000 	/System/Library/PrivateFrameworks/LoginUIKit.framework/Versions/A/Frameworks/LoginUICore.framework/Versions/A/LoginUICore
0x000000003b0ba000 	/usr/lib/libCoreStorage.dylib
0x000000003b0ba000 	/usr/lib/libcsfde.dylib
0x000000003b0ba000 	/usr/lib/libodfde.dylib
0x000000003b0ba000 	/System/Library/Frameworks/DiscRecording.framework/Versions/A/DiscRecording
0x000000003b0ba000 	/usr/lib/libcurl.4.dylib
0x000000003b0ba000 	/System/Library/PrivateFrameworks/MediaKit.framework/Versions/A/MediaKit
0x000000003b0ba000 	/System/Library/PrivateFrameworks/ProtectedCloudStorage.framework/Versions/A/ProtectedCloudStorage
0x000000003b0ba000 	/System/Library/PrivateFrameworks/EFILogin.framework/Versions/A/EFILogin
0x000000003b0ba000 	/usr/lib/libutil.dylib
0x000000003b0ba000 	/System/Library/Frameworks/LDAP.framework/Versions/A/LDAP
0x000000003b0ba000 	/usr/lib/libsasl2.2.dylib
0x000000003b0ba000 	/System/Library/PrivateFrameworks/CoreDaemon.framework/Versions/B/CoreDaemon
0x000000003b0ba000 	/System/Library/PrivateFrameworks/AppleSRP.framework/Versions/A/AppleSRP
0x000000003b0ba000 	/System/Library/PrivateFrameworks/APFS.framework/Versions/A/APFS
0x000000003b0ba000 	/System/Library/PrivateFrameworks/ViewBridge.framework/Versions/A/ViewBridge
0x000000003b0ba000 	/System/Library/PrivateFrameworks/XPCService.framework/Versions/A/XPCService
0x000000003b0ba000 	/System/Library/PrivateFrameworks/AppSandbox.framework/Versions/A/AppSandbox
0x000000003b0ba000 	/usr/lib/libsandbox.1.dylib
0x000000003b0ba000 	/usr/lib/libMatch.1.dylib
0x000000011fc7d000 	/Library/Java/JavaVirtualMachines/jdk1.8.0_111.jdk/Contents/Home/jre/lib/libfontmanager.dylib
0x000000011fce4000 	/Library/Java/JavaVirtualMachines/jdk1.8.0_111.jdk/Contents/Home/jre/lib/libosxui.dylib
0x0000000120c02000 	/Library/Java/JavaVirtualMachines/jdk1.8.0_111.jdk/Contents/Home/jre/lib/libnet.dylib
0x0000000120c61000 	/Library/Java/JavaVirtualMachines/jdk1.8.0_111.jdk/Contents/Home/jre/lib/libnio.dylib
0x000000014ceb7000 	/Library/Java/JavaVirtualMachines/jdk1.8.0_111.jdk/Contents/Home/jre/lib/libdcpr.dylib
0x000000003b0ba000 	/System/Library/PrivateFrameworks/CloudDocs.framework/Versions/A/CloudDocs
0x000000003b0ba000 	/System/Library/Frameworks/CloudKit.framework/Versions/A/CloudKit
0x000000003b0ba000 	/System/Library/PrivateFrameworks/MMCS.framework/Versions/A/MMCS
0x000000003b0ba000 	/System/Library/Frameworks/CoreLocation.framework/Versions/A/CoreLocation
0x000000003b0ba000 	/System/Library/PrivateFrameworks/AssetCacheServices.framework/Versions/A/AssetCacheServices
0x000000003b0ba000 	/System/Library/PrivateFrameworks/GeoServices.framework/Versions/A/GeoServices
0x000000014f8af000 	/Library/Java/Extensions/libglpk_java.40.dylib
0x00000001515a2000 	/usr/local/lib/libglpk.40.dylib

VM Arguments:
jvm_args: -Dfile.encoding=UTF-8 
java_command: GUI.View.MainFrame
java_class_path (initial): /Users/Prav/Documents/workspace/AssignmentMaker/bin:/Users/Prav/Documents/workspace/AssignmentMaker/lib/glpk-java-1.7.0.jar:/Users/Prav/Documents/workspace/AssignmentMaker/lib/apache.poi/commons-codec-1.10.jar:/Users/Prav/Documents/workspace/AssignmentMaker/lib/apache.poi/commons-collections4-4.1.jar:/Users/Prav/Documents/workspace/AssignmentMaker/lib/apache.poi/commons-logging-1.2.jar:/Users/Prav/Documents/workspace/AssignmentMaker/lib/apache.poi/curvesapi-1.04.jar:/Users/Prav/Documents/workspace/AssignmentMaker/lib/apache.poi/poi-3.15.jar:/Users/Prav/Documents/workspace/AssignmentMaker/lib/apache.poi/poi-excelant-3.15.jar:/Users/Prav/Documents/workspace/AssignmentMaker/lib/apache.poi/poi-ooxml-3.15.jar:/Users/Prav/Documents/workspace/AssignmentMaker/lib/apache.poi/poi-ooxml-schemas-3.15.jar:/Users/Prav/Documents/workspace/AssignmentMaker/lib/apache.poi/poi-scratchpad-3.15.jar:/Users/Prav/Documents/workspace/AssignmentMaker/lib/apache.poi/xmlbeans-2.6.0.jar
Launcher Type: SUN_STANDARD

Environment Variables:
PATH=/usr/bin:/bin:/usr/sbin:/sbin
SHELL=/bin/bash

Signal Handlers:
SIGSEGV: [libjvm.dylib+0x5b03ed], sa_mask[0]=11111111011111110111111111111111, sa_flags=SA_ONSTACK|SA_RESTART|SA_SIGINFO
SIGBUS: [libjvm.dylib+0x5b03ed], sa_mask[0]=11111111011111110111111111111111, sa_flags=SA_RESTART|SA_SIGINFO
SIGFPE: [libjvm.dylib+0x48711c], sa_mask[0]=11111111011111110111111111111111, sa_flags=SA_RESTART|SA_SIGINFO
SIGPIPE: [libjvm.dylib+0x48711c], sa_mask[0]=11111111011111110111111111111111, sa_flags=SA_RESTART|SA_SIGINFO
SIGXFSZ: [libjvm.dylib+0x48711c], sa_mask[0]=11111111011111110111111111111111, sa_flags=SA_RESTART|SA_SIGINFO
SIGILL: [libjvm.dylib+0x48711c], sa_mask[0]=11111111011111110111111111111111, sa_flags=SA_RESTART|SA_SIGINFO
SIGUSR1: SIG_DFL, sa_mask[0]=00000000000000000000000000000000, sa_flags=none
SIGUSR2: [libjvm.dylib+0x486c3a], sa_mask[0]=00100000000000000000000000000000, sa_flags=SA_RESTART|SA_SIGINFO
SIGHUP: [libjvm.dylib+0x485211], sa_mask[0]=11111111011111110111111111111111, sa_flags=SA_RESTART|SA_SIGINFO
SIGINT: [libjvm.dylib+0x485211], sa_mask[0]=11111111011111110111111111111111, sa_flags=SA_RESTART|SA_SIGINFO
SIGTERM: [libjvm.dylib+0x485211], sa_mask[0]=11111111011111110111111111111111, sa_flags=SA_RESTART|SA_SIGINFO
SIGQUIT: [libjvm.dylib+0x485211], sa_mask[0]=11111111011111110111111111111111, sa_flags=SA_RESTART|SA_SIGINFO


---------------  S Y S T E M  ---------------

OS:Bsduname:Darwin 16.0.0 Darwin Kernel Version 16.0.0: Mon Aug 29 17:56:20 PDT 2016; root:xnu-3789.1.32~3/RELEASE_X86_64 x86_64
rlimit: STACK 8192k, CORE 0k, NPROC 709, NOFILE 10240, AS infinity
load average:1.97 2.63 2.44

CPU:total 4 (2 cores per cpu, 2 threads per core) family 6 model 58 stepping 9, cmov, cx8, fxsr, mmx, sse, sse2, sse3, ssse3, sse4.1, sse4.2, popcnt, avx, aes, clmul, erms, ht, tsc, tscinvbit, tscinv

Memory: 4k page, physical 4194304k(20080k free)

/proc/meminfo:


vm_info: Java HotSpot(TM) 64-Bit Server VM (25.111-b14) for bsd-amd64 JRE (1.8.0_111-b14), built on Sep 22 2016 15:31:41 by "java_re" with gcc 4.2.1 (Based on Apple Inc. build 5658) (LLVM build 2336.11.00)

time: Sun Mar 12 12:13:56 2017
elapsed time: 177 seconds (0d 0h 2m 57s)

